[18:36:49] [ServerMain/INFO]: [bootstrap] Running Java 21 (OpenJDK 64-Bit Server VM 21.0.6+7-Ubuntu-120.04.1; Ubuntu null) on Linux 6.5.0-1025-azure (amd64)
[18:36:49] [ServerMain/INFO]: [bootstrap] Loading Paper 1.21.1-57-master@b483da4 (2024-09-01T18:09:05Z) for Minecraft 1.21.1
[18:36:49] [ServerMain/INFO]: [PluginInitializerManager] Initializing plugins...
[18:36:50] [ServerMain/INFO]: [PluginInitializerManager] Initialized 7 plugins
[18:36:50] [ServerMain/INFO]: [PluginInitializerManager] Bukkit plugins (7):
 - BlockLocker (1.13), FastChunkPregenerator (2.0.9-SNAPSHOT), ImageFrame (1.7.10.0), LoginSecurity (3.3.0), SkinsRestorer (15.5.2), WorldEdit (7.3.9+6959-7adf70b), voicechat (2.5.26)
[18:36:54] [ServerMain/WARN]: resource-pack-id missing, using default of 24696f4d-dc48-3d38-9515-c73880600e81
[18:36:54] [ServerMain/INFO]: Environment: Environment[sessionHost=https://sessionserver.mojang.com, servicesHost=https://api.minecraftservices.com, name=PROD]
[18:36:59] [ServerMain/INFO]: Loaded 1320 recipes
[18:36:59] [ServerMain/ERROR]: Failed to load function witherking:abilities/laserbeam/main_tick
java.util.concurrent.CompletionException: java.lang.IllegalArgumentException: Whilst parsing command on line 9: Incorrect argument for command at position 46: ... ..80 run <--[HERE]
	at java.base/java.util.concurrent.CompletableFuture.encodeThrowable(CompletableFuture.java:315) ~[?:?]
	at java.base/java.util.concurrent.CompletableFuture.completeThrowable(CompletableFuture.java:320) ~[?:?]
	at java.base/java.util.concurrent.CompletableFuture$AsyncSupply.run(CompletableFuture.java:1770) ~[?:?]
	at java.base/java.util.concurrent.ThreadPoolExecutor.runWorker(ThreadPoolExecutor.java:1144) ~[?:?]
	at java.base/java.util.concurrent.ThreadPoolExecutor$Worker.run(ThreadPoolExecutor.java:642) ~[?:?]
	at java.base/java.lang.Thread.run(Thread.java:1583) ~[?:?]
Caused by: java.lang.IllegalArgumentException: Whilst parsing command on line 9: Incorrect argument for command at position 46: ... ..80 run <--[HERE]
	at net.minecraft.commands.functions.CommandFunction.fromLines(CommandFunction.java:86) ~[paper-1.21.1.jar:1.21.1-57-b483da4]
	at net.minecraft.server.ServerFunctionLibrary.lambda$reload$2(ServerFunctionLibrary.java:97) ~[paper-1.21.1.jar:1.21.1-57-b483da4]
	at java.base/java.util.concurrent.CompletableFuture$AsyncSupply.run(CompletableFuture.java:1768) ~[?:?]
	... 3 more
[18:37:00] [ServerMain/ERROR]: Couldn't load advancements: [minecraft:wander_add_map, minecraft:give_quest_trader_trade]
[18:37:00] [ServerMain/INFO]: Loaded 1697 advancements
[18:37:00] [Server thread/INFO]: Starting minecraft server version 1.21.1
[18:37:00] [Server thread/INFO]: Loading properties
[18:37:00] [Server thread/INFO]: This server is running Paper version 1.21.1-57-master@b483da4 (2024-09-01T18:09:05Z) (Implementing API version 1.21.1-R0.1-SNAPSHOT)
[18:37:01] [Server thread/INFO]: [spark] This server bundles the spark profiler. For more information please visit https://docs.papermc.io/paper/profiling
[18:37:01] [Server thread/INFO]: Server Ping Player Sample Count: 12
[18:37:01] [Server thread/INFO]: Using 4 threads for Netty based IO
[18:37:02] [Server thread/INFO]: [ChunkTaskScheduler] Chunk system is using 1 I/O threads, 1 worker threads, and population gen parallelism of 1 threads
[18:37:02] [Server thread/INFO]: Default game type: SURVIVAL
[18:37:02] [Server thread/INFO]: Generating keypair
[18:37:02] [Server thread/INFO]: Starting Minecraft server on *:25565
[18:37:02] [Server thread/INFO]: Using epoll channel type
[18:37:02] [Server thread/INFO]: Paper: Using libdeflate (Linux x86_64) compression from Velocity.
[18:37:02] [Server thread/INFO]: Paper: Using OpenSSL 1.1.x (Linux x86_64) cipher from Velocity.
[18:37:03] [Server thread/INFO]: [SkinsRestorer] Loading server plugin SkinsRestorer v15.5.2
[18:37:03] [Server thread/INFO]: [ImageFrame] Loading server plugin ImageFrame v1.7.10.0
[18:37:03] [Server thread/INFO]: [WorldEdit] Loading server plugin WorldEdit v7.3.9+6959-7adf70b
[18:37:05] [Server thread/INFO]: Got request to register class com.sk89q.worldedit.bukkit.BukkitServerInterface with WorldEdit [com.sk89q.worldedit.extension.platform.PlatformManager@2cd83eec]
[18:37:05] [Server thread/INFO]: [LoginSecurity] Loading server plugin LoginSecurity v3.3.0
[18:37:05] [Server thread/INFO]: [voicechat] Loading server plugin voicechat v2.5.26
[18:37:05] [Server thread/INFO]: [BlockLocker] Loading server plugin BlockLocker v1.13
[18:37:05] [Server thread/INFO]: [FastChunkPregenerator] Loading server plugin FastChunkPregenerator v2.0.9-SNAPSHOT
[18:37:05] [Server thread/INFO]: Server permissions file permissions.yml is empty, ignoring it
[18:37:05] [Server thread/INFO]: [SkinsRestorer] Enabling SkinsRestorer v15.5.2
[18:37:05] [Server thread/WARN]: [SkinsRestorer] You must agree to the rules at 'commands.perSkinPermissionsConsent' in the config to use per skin permissions.
[18:37:06] [Server thread/INFO]: [SkinsRestorer] Running on Minecraft 1.21.1.
[18:37:07] [Server thread/INFO]: [SkinsRestorer] Using paper join listener!
[18:37:07] [Server thread/INFO]: [WorldEdit] Enabling WorldEdit v7.3.9+6959-7adf70b
[18:37:07] [Server thread/INFO]: Registering commands with com.sk89q.worldedit.bukkit.BukkitServerInterface
[18:37:07] [Server thread/INFO]: WEPIF: Using the Bukkit Permissions API.
[18:37:07] [Folia Async Scheduler Thread #1/INFO]: [SkinsRestorer] ----------------------------------------------
[18:37:07] [Folia Async Scheduler Thread #1/INFO]: [SkinsRestorer]     +==================+
[18:37:07] [Folia Async Scheduler Thread #1/INFO]: [SkinsRestorer]     |   SkinsRestorer  |
[18:37:07] [Folia Async Scheduler Thread #1/INFO]: [SkinsRestorer]     |------------------|
[18:37:07] [Folia Async Scheduler Thread #1/INFO]: [SkinsRestorer]     |  Standalone Mode |
[18:37:07] [Folia Async Scheduler Thread #1/INFO]: [SkinsRestorer]     +==================+
[18:37:07] [Folia Async Scheduler Thread #1/INFO]: [SkinsRestorer] ----------------------------------------------
[18:37:07] [Folia Async Scheduler Thread #1/INFO]: [SkinsRestorer]     Version: 15.5.2
[18:37:07] [Folia Async Scheduler Thread #1/INFO]: [SkinsRestorer]     Commit: ae257f6
[18:37:07] [Folia Async Scheduler Thread #1/INFO]: [SkinsRestorer]     This is the latest version!
[18:37:07] [Folia Async Scheduler Thread #1/INFO]: [SkinsRestorer] ----------------------------------------------
[18:37:07] [Folia Async Scheduler Thread #1/INFO]: [SkinsRestorer] Do you have issues? Read our troubleshooting guide: https://skinsrestorer.net/docs/troubleshooting
[18:37:07] [Folia Async Scheduler Thread #1/INFO]: [SkinsRestorer] Want to support SkinsRestorer? Consider donating: https://skinsrestorer.net/donate
[18:37:08] [Server thread/INFO]: Using com.sk89q.worldedit.bukkit.adapter.impl.v1_21.PaperweightAdapter as the Bukkit adapter
[18:37:09] [Server thread/INFO]: [BlockLocker] Enabling BlockLocker v1.13
[18:37:09] [Server thread/WARN]: [org.bukkit.craftbukkit.legacy.CraftLegacy] Initializing Legacy Material Support. Unless you have legacy plugins and/or data this is a bug!
[18:37:17] [Server thread/WARN]: [BlockLocker] Cannot recognize material pale_oak_door, ignoring it
[18:37:17] [Server thread/WARN]: [BlockLocker] Cannot recognize material pale_oak_fence_gate, ignoring it
[18:37:17] [Server thread/WARN]: [BlockLocker] Cannot recognize material pale_oak_trapdoor, ignoring it
[18:37:17] [Server thread/WARN]: **** SERVER IS RUNNING IN OFFLINE/INSECURE MODE!
[18:37:17] [Server thread/WARN]: The server will make no attempt to authenticate usernames. Beware.
[18:37:17] [Server thread/WARN]: While this makes the game possible to play without internet access, it also opens up the ability for hackers to connect with any username they choose.
[18:37:17] [Server thread/WARN]: To change this, set "online-mode" to "true" in the server.properties file.
[18:37:17] [Server thread/INFO]: Preparing level "world"
[18:37:18] [Server thread/INFO]: Preparing start region for dimension minecraft:overworld
[18:37:19] [Server thread/INFO]: Time elapsed: 1043 ms
[18:37:19] [Server thread/INFO]: Preparing start region for dimension minecraft:the_nether
[18:37:20] [Server thread/INFO]: Time elapsed: 326 ms
[18:37:20] [Server thread/INFO]: Preparing start region for dimension minecraft:the_end
[18:37:20] [Server thread/INFO]: Time elapsed: 163 ms
[18:37:20] [Server thread/INFO]: Preparing start region for dimension cavernous:the_myst
[18:37:20] [Server thread/INFO]: Time elapsed: 391 ms
[18:37:20] [Server thread/INFO]: [ImageFrame] Enabling ImageFrame v1.7.10.0
[18:37:21] [Server thread/INFO]: [ImageFrame] ImageFrame has been Enabled!
[18:37:21] [Server thread/INFO]: [LoginSecurity] Enabling LoginSecurity v3.3.0
[18:37:21] [Server thread/INFO]: [LoginSecurity] Loading base translations from "en_us"
[18:37:21] [Server thread/INFO]: [LoginSecurity] Loading specified translations from "en_us"
[18:37:21] [Server thread/INFO]: [LoginSecurity] Registering commands...
[18:37:21] [Server thread/INFO]: [LoginSecurity] Registering listeners...
[18:37:22] [Server thread/INFO]: [LoginSecurity] Using 1.12+ map captcha renderer
[18:37:22] [Server thread/INFO]: [voicechat] Enabling voicechat v2.5.26
[18:37:22] [Server thread/INFO]: [voicechat] Initializing compatibility for Bukkit version 1.21.1-R0.1
[18:37:22] [Server thread/INFO]: [voicechat] Compatibility version 18
[18:37:22] [Server thread/INFO]: [voicechat] Successfully initialized commodore command completion
[18:37:22] [Server thread/INFO]: [FastChunkPregenerator] Enabling FastChunkPregenerator v2.0.9-SNAPSHOT
[18:37:22] [Server thread/INFO]: [FastChunkPregenerator] >> Paper was found.
[18:37:22] [Server thread/INFO]: [FastChunkPregenerator] >> Async chunk loading support is enabled.
[18:37:22] [Server thread/INFO]: [spark] Starting background profiler...
[18:37:23] [Server thread/INFO]: Done preparing level "world" (5.938s)
[18:37:23] [Server thread/INFO]: Running delayed init tasks
[18:37:23] [Server thread/INFO]: Done (34.766s)! For help, type "help"
[18:37:23] [Server thread/INFO]: Timings Reset
[18:37:23] [Server thread/INFO]: [voicechat] Loading plugins
[18:37:23] [Server thread/INFO]: [voicechat] Loaded 0 plugin(s)
[18:37:23] [Server thread/INFO]: [voicechat] Initializing plugins
[18:37:23] [Server thread/INFO]: [voicechat] Initialized 0 plugin(s)
[18:37:23] [Server thread/WARN]: [voicechat] Running in offline mode - Voice chat encryption is not secure!
[18:37:23] [VoiceChatServerThread/ERROR]: [voicechat] Failed to bind to address '100.119.93.34', binding to wildcard IP instead
[18:37:23] [VoiceChatServerThread/INFO]: [voicechat] Voice chat server started at 100.119.93.34:24454
[18:37:23] [Craft Scheduler Thread - 3 - ImageFrame/INFO]: [ImageFrame] Data loading completed! Loaded 2 ImageMaps!
[18:37:40] [User Authenticator #0/INFO]: UUID of player qSeren is 60f425a3-b4ca-31c1-a532-8475c0b676c0
[18:37:42] [Server thread/INFO]: qSeren joined the game
[18:37:42] [Server thread/INFO]: qSeren[/100.66.242.93:64396] logged in with entity id 30 at ([world_nether]1.5050389324322553, 42.0, -9.300000011920929)
[18:37:42] [Server thread/INFO]: [voicechat] Received secret request of qSeren (18)
[18:37:42] [Server thread/INFO]: [voicechat] Sent secret to qSeren
[18:37:43] [VoiceChatPacketProcessingThread/INFO]: [voicechat] Successfully authenticated player 60f425a3-b4ca-31c1-a532-8475c0b676c0
[18:37:44] [VoiceChatPacketProcessingThread/INFO]: [voicechat] Successfully validated connection of player 60f425a3-b4ca-31c1-a532-8475c0b676c0
[18:37:44] [VoiceChatPacketProcessingThread/INFO]: [voicechat] Player qSeren (60f425a3-b4ca-31c1-a532-8475c0b676c0) successfully connected to voice chat
[18:43:47] [Server thread/INFO]: [Torreta: Changed the block at -11, 42, -21]
[18:44:32] [Server thread/INFO]: [Pirómano Spawner: Changed the block at 1, 42, 5]
[18:44:34] [Server thread/INFO]: [Guerrero Bruto Spawner: Changed the block at 1, 42, -9]
[18:44:46] [Server thread/INFO]: [Guerrero Bruto Spawner: Changed the block at -12, 42, -36]
[18:44:53] [Server thread/INFO]: [Guerrero Bruto Spawner: Changed the block at -18, 42, -16]
[18:44:56] [Server thread/INFO]: [Pirómano Spawner: Changed the block at -18, 42, -37]
[18:44:59] [Server thread/INFO]: [Guerrero Bruto Spawner: Changed the block at -40, 42, -38]
[18:51:54] [Server thread/INFO]: qSeren issued server command: //copy
[18:52:06] [Server thread/INFO]: qSeren issued server command: //paste
[18:52:13] [Server thread/INFO]: qSeren issued server command: //undo
[18:52:18] [Server thread/INFO]: qSeren issued server command: //paste
[18:52:42] [Server thread/INFO]: qSeren issued server command: //paste
[18:54:07] [Server thread/INFO]: qSeren issued server command: /gamemode spectator
[18:54:07] [Server thread/INFO]: [qSeren: Set own game mode to Spectator Mode]
[18:54:11] [Server thread/INFO]: qSeren issued server command: /gamemode creative
[18:54:11] [Server thread/INFO]: [qSeren: Set own game mode to Creative Mode]
[18:55:20] [Server thread/INFO]: [Guerrero Bruto Spawner: Changed the block at 7, 42, -16]
[18:55:21] [Server thread/INFO]: [Pirómano Spawner: Changed the block at 5, 42, -19]
[18:56:33] [Server thread/INFO]: [Pirómano Spawner: Changed the block at 5, 42, -19]
[18:56:38] [Server thread/INFO]: [Guerrero Bruto Spawner: Changed the block at 5, 42, -19]
[18:56:40] [Server thread/INFO]: [Pirómano Spawner: Changed the block at 5, 42, -19]
[18:56:47] [Server thread/INFO]: [Torreta: Changed the block at 8, 42, -23]
[18:58:29] [User Authenticator #1/INFO]: UUID of player TeeRobZti is 375e8eef-1b7d-320f-92ce-8498cff3acd8
[18:58:37] [Server thread/INFO]: TeeRobZti joined the game
[18:58:37] [Server thread/INFO]: TeeRobZti[/100.65.212.51:50017] logged in with entity id 120 at ([world]1890.5751649393897, 87.0, -346.30000001192093)
[18:58:38] [Server thread/INFO]: [voicechat] Received secret request of TeeRobZti (18)
[18:58:38] [Server thread/INFO]: [voicechat] Sent secret to TeeRobZti
[18:58:38] [VoiceChatPacketProcessingThread/INFO]: [voicechat] Successfully authenticated player 375e8eef-1b7d-320f-92ce-8498cff3acd8
[18:58:39] [VoiceChatPacketProcessingThread/INFO]: [voicechat] Successfully validated connection of player 375e8eef-1b7d-320f-92ce-8498cff3acd8
[18:58:39] [VoiceChatPacketProcessingThread/INFO]: [voicechat] Player TeeRobZti (375e8eef-1b7d-320f-92ce-8498cff3acd8) successfully connected to voice chat
[18:58:59] [Server thread/INFO]: qSeren issued server command: /op TeeRobZti
[18:58:59] [Server thread/INFO]: [qSeren: Made TeeRobZti a server operator]
[18:59:02] [Server thread/INFO]: TeeRobZti issued server command: /gamemode creative
[18:59:02] [Server thread/INFO]: [TeeRobZti: Set own game mode to Creative Mode]
[18:59:06] [Server thread/INFO]: [Pirómano Spawner: Changed the block at -33, 42, -17]
[18:59:18] [Async Chat Thread - #0/INFO]: [Not Secure] <TeeRobZti> 7xp give TeeRobZti 100
[18:59:20] [Async Chat Thread - #0/INFO]: [Not Secure] <TeeRobZti> que
[18:59:42] [Server thread/INFO]: [Pirómano Spawner: Changed the block at -39, 42, -31]
[19:00:22] [Server thread/INFO]: TeeRobZti issued server command: /tp qSeren
[19:00:22] [Server thread/INFO]: [TeeRobZti: Teleported TeeRobZti to qSeren]
[19:00:25] [Server thread/INFO]: qSeren issued server command: /effect give @a minecraft:resistance infinite 255 true
[19:00:25] [Server thread/INFO]: [qSeren: Applied effect Resistance to 2 targets]
[19:00:29] [Server thread/INFO]: qSeren issued server command: /gamemode survival
[19:00:29] [Server thread/INFO]: [qSeren: Set own game mode to Survival Mode]
[19:00:32] [Server thread/INFO]: qSeren issued server command: /gamemode survival @a
[19:00:32] [Server thread/INFO]: [qSeren: Set TeeRobZti's game mode to Survival Mode]
[19:00:35] [Server thread/INFO]: qSeren issued server command: /difficulty hard
[19:00:35] [Server thread/INFO]: [qSeren: The difficulty has been set to Hard]
[19:00:42] [Server thread/INFO]: TeeRobZti issued server command: /gamemode creative
[19:00:42] [Server thread/INFO]: [TeeRobZti: Set own game mode to Creative Mode]
[19:00:42] [Server thread/INFO]: TeeRobZti issued server command: /gamemode survival
[19:00:42] [Server thread/INFO]: [TeeRobZti: Set own game mode to Survival Mode]
[19:00:45] [Server thread/INFO]: qSeren issued server command: /gamemode creative
[19:00:45] [Server thread/INFO]: [qSeren: Set own game mode to Creative Mode]
[19:01:05] [Server thread/INFO]: qSeren issued server command: /gamemode survival
[19:01:05] [Server thread/INFO]: [qSeren: Set own game mode to Survival Mode]
[19:01:13] [Server thread/INFO]: TeeRobZti issued server command: /msg qSeren tengo 22 de xp si me muer ocualquier cosa XD
[19:01:18] [Server thread/INFO]: qSeren issued server command: /tp TeeRobZti
[19:01:18] [Server thread/INFO]: [qSeren: Teleported qSeren to TeeRobZti]
[19:01:44] [Server thread/INFO]: Named entity Pillager['Pirómano'/464, uuid='9de66cd8-f3ce-40bd-8578-90c9aede5d21', l='ServerLevel[world_nether]', x=-19.97, y=42.00, z=-14.30, cpos=[-2, -1], tl=209, v=true] died: Pirómano went off with a bang
[19:01:45] [Server thread/INFO]: Named entity Skeleton['Pirómano'/456, uuid='2d93f655-5f8c-46ce-8d4b-a6465fb274ea', l='ServerLevel[world_nether]', x=-16.36, y=42.00, z=-15.55, cpos=[-2, -1], tl=318, v=true] died: Pirómano went off with a bang
[19:01:46] [Server thread/INFO]: Named entity Pillager['Pirómano'/460, uuid='297a7c6f-ae6f-47db-b87b-51d2119ba189', l='ServerLevel[world_nether]', x=-16.55, y=42.00, z=-14.30, cpos=[-2, -1], tl=275, v=true] died: Pirómano was slain by Guerrero Bruto
[19:01:53] [Server thread/INFO]: Named entity Pillager['Pirómano'/493, uuid='c3594a13-e970-4f1b-9e12-de308f33efef', l='ServerLevel[world_nether]', x=-32.66, y=31.80, z=-39.43, cpos=[-3, -3], tl=270, v=true] died: Pirómano tried to swim in lava
[19:01:54] [Server thread/INFO]: Named entity Pillager['Pirómano'/458, uuid='94bafaee-68e4-4ce2-8e64-4921af95a994', l='ServerLevel[world_nether]', x=-13.30, y=43.00, z=-15.30, cpos=[-1, -1], tl=463, v=true] died: Pirómano was slain by Guerrero Bruto
[19:02:00] [Server thread/INFO]: qSeren issued server command: /difficulty peaceful
[19:02:00] [Server thread/INFO]: [qSeren: The difficulty has been set to Peaceful]
[19:02:02] [Server thread/INFO]: qSeren issued server command: /gamemode spectator
[19:02:02] [Server thread/INFO]: [qSeren: Set own game mode to Spectator Mode]
[19:02:07] [Server thread/INFO]: TeeRobZti issued server command: /gamemode spectator
[19:02:07] [Server thread/INFO]: [TeeRobZti: Set own game mode to Spectator Mode]
[19:02:07] [Server thread/INFO]: qSeren issued server command: /gamemode creative
[19:02:07] [Server thread/INFO]: [qSeren: Set own game mode to Creative Mode]
[19:02:20] [Server thread/INFO]: TeeRobZti issued server command: /gamemode survival
[19:02:20] [Server thread/INFO]: [TeeRobZti: Set own game mode to Survival Mode]
[19:02:27] [Server thread/INFO]: [Guerrero Bruto Spawner: Changed the block at 3, 44, -17]
[19:02:28] [Server thread/INFO]: [Guerrero Bruto Spawner: Changed the block at 1, 42, -33]
[19:02:35] [Server thread/INFO]: [Guerrero Bruto Spawner: Changed the block at -8, 42, -26]
[19:02:40] [Server thread/INFO]: [Guerrero Bruto Spawner: Changed the block at -31, 42, -35]
[19:02:43] [Server thread/INFO]: [Guerrero Bruto Spawner: Changed the block at -35, 42, -35]
[19:02:47] [Server thread/INFO]: [Guerrero Bruto Spawner: Changed the block at -32, 43, -26]
[19:02:51] [Server thread/INFO]: [Guerrero Bruto Spawner: Changed the block at -37, 42, -15]
[19:02:54] [Server thread/INFO]: [Guerrero Bruto Spawner: Changed the block at -44, 42, -26]
[19:02:56] [Server thread/INFO]: [Guerrero Bruto Spawner: Changed the block at -45, 42, -17]
[19:02:59] [Server thread/INFO]: [Guerrero Bruto Spawner: Changed the block at -46, 42, -32]
[19:03:02] [Server thread/INFO]: qSeren issued server command: /gamemode spectator
[19:03:02] [Server thread/INFO]: [qSeren: Set own game mode to Spectator Mode]
[19:03:06] [Server thread/INFO]: qSeren issued server command: /gamemode creative
[19:03:06] [Server thread/INFO]: [qSeren: Set own game mode to Creative Mode]
[19:03:09] [Server thread/INFO]: qSeren issued server command: /gamemode survival
[19:03:09] [Server thread/INFO]: [qSeren: Set own game mode to Survival Mode]
[19:03:27] [Server thread/INFO]: qSeren issued server command: /difficulty hrd
[19:03:28] [Server thread/INFO]: qSeren issued server command: /difficulty hard
[19:03:28] [Server thread/INFO]: [qSeren: The difficulty has been set to Hard]
[19:03:30] [Server thread/INFO]: qSeren issued server command: /gamemode creative
[19:03:30] [Server thread/INFO]: [qSeren: Set own game mode to Creative Mode]
[19:03:49] [Server thread/INFO]: qSeren issued server command: /gamemode survival
[19:03:49] [Server thread/INFO]: [qSeren: Set own game mode to Survival Mode]
[19:04:12] [Server thread/INFO]: Named entity Pillager['Pirómano'/612, uuid='feeaa781-df84-4e1b-a9bd-591e8ba7a570', l='ServerLevel[world_nether]', x=4.54, y=31.22, z=7.93, cpos=[0, 0], tl=268, v=true] died: Pirómano tried to swim in lava
[19:04:13] [Server thread/INFO]: Named entity Pillager['Pirómano'/611, uuid='babc75cf-d95b-4b99-bc2b-6e2e29d554d3', l='ServerLevel[world_nether]', x=-1.78, y=31.72, z=1.40, cpos=[-1, 0], tl=296, v=true] died: Pirómano tried to swim in lava
[19:04:14] [Server thread/INFO]: Named entity Pillager['Pirómano'/613, uuid='f3fba267-0f24-4007-8adc-f6071c1f378b', l='ServerLevel[world_nether]', x=4.28, y=31.12, z=4.70, cpos=[0, 0], tl=304, v=true] died: Pirómano tried to swim in lava
[19:04:27] [Server thread/INFO]: Named entity Pillager['Pirómano'/624, uuid='88dedca7-dcca-4c75-aaac-d466026169b8', l='ServerLevel[world_nether]', x=3.95, y=42.00, z=-22.30, cpos=[0, -2], tl=300, v=true] died: Pirómano was slain by Guerrero Bruto
[19:04:31] [Server thread/INFO]: Named entity Skeleton['Pirómano'/630, uuid='dbc1180f-83cf-4f6a-aa85-27544e172a9a', l='ServerLevel[world_nether]', x=-12.79, y=43.00, z=-27.14, cpos=[-1, -2], tl=349, v=true] died: Pirómano went off with a bang
[19:04:32] [Server thread/INFO]: Named entity Pillager['Pirómano'/665, uuid='c74c2d14-f8c7-4d42-a8f6-0e5748f9f46d', l='ServerLevel[world_nether]', x=-31.73, y=31.88, z=-39.33, cpos=[-2, -3], tl=202, v=true] died: Pirómano tried to swim in lava
[19:04:35] [Server thread/INFO]: Named entity Pillager['Pirómano'/618, uuid='3b81cb52-59f2-4831-929d-0a3a2520944f', l='ServerLevel[world_nether]', x=-14.70, y=42.00, z=-31.16, cpos=[-1, -2], tl=538, v=true] died: Pirómano was slain by Guerrero Bruto
[19:04:36] [Server thread/INFO]: Named entity Pillager['Pirómano'/626, uuid='3c7d066c-4fb8-4370-a6aa-e0ce75859f64', l='ServerLevel[world_nether]', x=-14.70, y=42.00, z=-31.96, cpos=[-1, -2], tl=456, v=true] died: Pirómano went off with a bang
[19:04:36] [Server thread/INFO]: Named entity Pillager['Pirómano'/617, uuid='fa0f5dd9-6945-4a5e-99fa-6a0d37494716', l='ServerLevel[world_nether]', x=-12.42, y=42.00, z=-34.14, cpos=[-1, -3], tl=584, v=true] died: Pirómano went off with a bang
[19:04:43] [Server thread/INFO]: Named entity Pillager['Pirómano'/628, uuid='1536c478-facd-431c-9af5-ad7f2d5dd0b2', l='ServerLevel[world_nether]', x=-17.30, y=42.50, z=-24.95, cpos=[-2, -2], tl=608, v=true] died: Pirómano was slain by Guerrero Bruto
[19:04:43] [Async Chat Thread - #4/INFO]: [Not Secure] <TeeRobZti> DWSASFD'ONIADfNERSFM
[19:04:44] [Server thread/INFO]: Named entity PiglinBrute['Guerrero Bruto'/684, uuid='aac7c7a3-3f2d-494d-92fe-87477e9d762d', l='ServerLevel[world_nether]', x=-3.80, y=30.00, z=-39.47, cpos=[-1, -3], tl=359, v=true] died: Guerrero Bruto tried to swim in lava
[19:04:44] [Server thread/INFO]: Named entity Pillager['Pirómano'/625, uuid='8016fa10-b359-44d2-873b-0d41d568946a', l='ServerLevel[world_nether]', x=-14.51, y=43.00, z=-28.99, cpos=[-1, -2], tl=632, v=true] died: Pirómano went off with a bang
[19:04:45] [Server thread/INFO]: Named entity Pillager['Pirómano'/673, uuid='ce0a5089-b567-422e-a5de-1c9c5e363725', l='ServerLevel[world_nether]', x=-5.46, y=42.00, z=-37.70, cpos=[-1, -3], tl=414, v=true] died: Pirómano went off with a bang
[19:04:45] [Server thread/INFO]: Named entity Pillager['Pirómano'/616, uuid='19270bdb-9762-4026-ba67-e610ceddebbd', l='ServerLevel[world_nether]', x=-4.30, y=42.00, z=-34.30, cpos=[-1, -3], tl=755, v=true] died: Pirómano went off with a bang
[19:04:45] [Server thread/INFO]: Named entity PiglinBrute['Guerrero Bruto'/683, uuid='7175ce00-79b2-42a9-8a76-77f7c4f5de8a', l='ServerLevel[world_nether]', x=-5.98, y=42.69, z=-37.69, cpos=[-1, -3], tl=376, v=true] died: Guerrero Bruto went off with a bang
[19:04:46] [Server thread/INFO]: Named entity Pillager['Pirómano'/660, uuid='71de9af2-53ab-43c1-b7be-6851d1037959', l='ServerLevel[world_nether]', x=-8.70, y=42.00, z=-37.95, cpos=[-1, -3], tl=493, v=true] died: Pirómano was slain by Guerrero Bruto
[19:04:46] [Server thread/INFO]: Named entity Skeleton['Pirómano'/667, uuid='bec34bb3-b35c-4ebc-9011-b1167e06f9a8', l='ServerLevel[world_nether]', x=-40.50, y=42.50, z=-28.99, cpos=[-3, -2], tl=478, v=true] died: Pirómano went off with a bang
[19:04:47] [Server thread/INFO]: Named entity Pillager['Pirómano'/698, uuid='35448475-65cb-4009-8fbe-2bf30284705c', l='ServerLevel[world_nether]', x=-37.64, y=42.00, z=-29.82, cpos=[-3, -2], tl=355, v=true] died: Pirómano was slain by Guerrero Bruto
[19:04:50] [Server thread/INFO]: Named entity Pillager['Pirómano'/632, uuid='221af834-6c37-4f21-af42-349d51da7a36', l='ServerLevel[world_nether]', x=-28.30, y=42.00, z=-36.70, cpos=[-2, -3], tl=702, v=true] died: Pirómano walked into the danger zone due to Pirómano
[19:04:52] [Server thread/INFO]: Named entity Pillager['Pirómano'/674, uuid='ccd01890-e5d4-48aa-9db5-b478e058f48a', l='ServerLevel[world_nether]', x=-29.42, y=43.06, z=-25.28, cpos=[-2, -2], tl=558, v=true] died: Pirómano was slain by Guerrero Bruto
[19:04:57] [Server thread/INFO]: Named entity Pillager['Pirómano'/639, uuid='108ab79e-31e2-4dfc-9e50-fc5e36949cad', l='ServerLevel[world_nether]', x=-10.30, y=42.00, z=-27.70, cpos=[-1, -2], tl=805, v=true] died: Pirómano was shot by Pirómano
[19:04:58] [Server thread/INFO]: Named entity Pillager['Pirómano'/734, uuid='a8c74fe3-b417-45ac-8149-65a07738ab2a', l='ServerLevel[world_nether]', x=-33.05, y=42.73, z=-27.70, cpos=[-3, -2], tl=467, v=true] died: Pirómano went off with a bang
[19:04:58] [Server thread/INFO]: Named entity Skeleton['Pirómano'/883, uuid='2f3d2332-c187-4131-9028-5b01e04dddb1', l='ServerLevel[world_nether]', x=-26.70, y=42.00, z=-26.25, cpos=[-2, -2], tl=155, v=true] died: Pirómano was slain by Guerrero Bruto
[19:05:00] [Server thread/INFO]: Named entity Skeleton['Pirómano'/844, uuid='afbf080f-babe-4847-9cb7-adb84e972528', l='ServerLevel[world_nether]', x=-31.30, y=42.50, z=-27.68, cpos=[-2, -2], tl=281, v=true] died: Pirómano was slain by Guerrero Bruto
[19:05:00] [Server thread/INFO]: qSeren issued server command: /difficulty peaceful
[19:05:00] [Server thread/INFO]: [qSeren: The difficulty has been set to Peaceful]
[19:05:07] [Server thread/INFO]: qSeren issued server command: /gamemode creative
[19:05:07] [Server thread/INFO]: [qSeren: Set own game mode to Creative Mode]
[19:05:44] [Server thread/INFO]: TeeRobZti issued server command: /tp qSeren
[19:05:44] [Server thread/INFO]: [TeeRobZti: Teleported TeeRobZti to qSeren]
[19:05:46] [Server thread/INFO]: TeeRobZti issued server command: /gamemode creative
[19:05:46] [Server thread/INFO]: [TeeRobZti: Set own game mode to Creative Mode]
[19:05:47] [Server thread/INFO]: TeeRobZti issued server command: /tp qSeren
[19:05:47] [Server thread/INFO]: [TeeRobZti: Teleported TeeRobZti to qSeren]
[19:06:27] [Server thread/INFO]: qSeren issued server command: //brush deform sphere
[19:06:56] [Server thread/INFO]: qSeren issued server command: //undo
[19:06:57] [Server thread/INFO]: qSeren issued server command: //undo
[19:06:57] [Server thread/INFO]: qSeren issued server command: //undo
[19:06:58] [Server thread/INFO]: qSeren issued server command: //undo 100
[19:09:28] [Server thread/INFO]: qSeren issued server command: //set sponge
[19:09:36] [Server thread/INFO]: qSeren issued server command: //set sponge
[19:09:44] [Server thread/INFO]: qSeren issued server command: //set sponge
[19:09:49] [Server thread/INFO]: qSeren issued server command: //set sponge
[19:09:57] [Server thread/INFO]: qSeren issued server command: //set sponge
[19:10:03] [Server thread/INFO]: qSeren issued server command: //set sponge
[19:10:07] [Server thread/INFO]: qSeren issued server command: //set sponge
[19:11:47] [Server thread/INFO]: qSeren issued server command: //replace sponge 25%blackstone,25%polished_blackstone,25%polished_blackstone_bricks,25%cracked_polished_blackstone_bricks
[19:11:55] [Server thread/INFO]: qSeren issued server command: //replace sponge 25%blackstone,25%polished_blackstone,25%polished_blackstone_bricks,25%cracked_polished_blackstone_bricks
[19:13:10] [Server thread/INFO]: qSeren issued server command: //set sponge
[19:13:11] [Server thread/INFO]: TeeRobZti issued server command: /gamemode spectator
[19:13:11] [Server thread/INFO]: [TeeRobZti: Set own game mode to Spectator Mode]
[19:13:14] [Server thread/INFO]: TeeRobZti issued server command: /gamemode creative
[19:13:14] [Server thread/INFO]: [TeeRobZti: Set own game mode to Creative Mode]
[19:13:22] [Server thread/INFO]: qSeren issued server command: //set sponge
[19:13:35] [Async Chat Thread - #6/INFO]: [Not Secure] <TeeRobZti> trabado
[19:13:38] [Async Chat Thread - #6/INFO]: [Not Secure] <TeeRobZti> momo en tu mic
[19:13:41] [Server thread/INFO]: qSeren issued server command: //set sponge
[19:14:01] [Server thread/INFO]: qSeren issued server command: //set air
[19:14:15] [Server thread/INFO]: qSeren issued server command: //set sponge
[19:14:32] [Server thread/INFO]: qSeren issued server command: //set sponge
[19:14:35] [Server thread/INFO]: TeeRobZti issued server command: //set 0
[19:14:45] [Server thread/WARN]: qSeren moved too quickly! -28.008441186348886,-1.4950660194469805,-0.6854697135585699
[19:15:02] [Server thread/INFO]: TeeRobZti issued server command: //set 0
[19:15:07] [Server thread/INFO]: qSeren issued server command: //replace sponge 25%blackstone,25%polished_blackstone,25%polished_blackstone_bricks,25%cracked_polished_blackstone_bricks
[19:15:39] [Server thread/INFO]: qSeren issued server command: /effect give qSeren speed infinite 3
[19:15:39] [Server thread/INFO]: [qSeren: Applied effect Speed to qSeren]
[19:16:22] [Server thread/WARN]: qSeren moved too quickly! -30.856363833392873,-0.8969506580833411,-18.409504863685722
[19:18:39] [Server thread/WARN]: qSeren moved too quickly! -0.3480206722349859,0.0,19.106388942832304
[19:18:43] [Server thread/INFO]: qSeren issued server command: //set sponge
[19:18:51] [Server thread/INFO]: qSeren issued server command: //set sponge
[19:19:18] [Server thread/INFO]: qSeren issued server command: //set sponge
[19:19:31] [Server thread/INFO]: qSeren issued server command: //set sponge
[19:20:03] [Server thread/INFO]: qSeren issued server command: //set sponge
[19:20:09] [Server thread/INFO]: qSeren issued server command: //set sponge
